2026-03-09 05:46:50 | INFO | Starting full scan for drive C:\
2026-03-09 05:47:00 | WARNING | Threat detected in C:\$Recycle.Bin\S-1-5-21-3154608364-3204067205-1785823524-1000\$RD61KWN\BepInEx-master\build.ps1
2026-03-09 05:47:00 | WARNING | File moved to quarantine: C:\Users\WG\Downloads\NovaShield\quarantine\storage\20260309084700_6e956feed1af4670a7f5fa1566940ab1_build.ps1.quarantine
2026-03-09 05:47:00 | WARNING | File quarantined: 20260309084700_6e956feed1af4670a7f5fa1566940ab1_build.ps1.quarantine
2026-03-09 05:47:01 | WARNING | Threat detected in C:\$Recycle.Bin\S-1-5-21-3154608364-3204067205-1785823524-1000\$RD61KWN\BepInEx-master\Runtimes\NET\BepInEx.NET.CoreCLR\HookEntrypoint.cs
2026-03-09 05:47:01 | WARNING | File moved to quarantine: C:\Users\WG\Downloads\NovaShield\quarantine\storage\20260309084701_aa56452b9b1d404caadd5e77abfeedcd_HookEntrypoint.cs.quarantine
2026-03-09 05:47:01 | WARNING | File quarantined: 20260309084701_aa56452b9b1d404caadd5e77abfeedcd_HookEntrypoint.cs.quarantine
2026-03-09 05:47:01 | WARNING | Threat detected in C:\$Recycle.Bin\S-1-5-21-3154608364-3204067205-1785823524-1000\$RD61KWN\BepInEx-master\Runtimes\Unity\BepInEx.Unity.IL2CPP\Hook\Funchook\FunchookDetour.cs
2026-03-09 05:47:01 | WARNING | File moved to quarantine: C:\Users\WG\Downloads\NovaShield\quarantine\storage\20260309084701_befc771904514395b53d44df7e1d4277_FunchookDetour.cs.quarantine
2026-03-09 05:47:01 | WARNING | File quarantined: 20260309084701_befc771904514395b53d44df7e1d4277_FunchookDetour.cs.quarantine
2026-03-09 05:47:01 | WARNING | Threat detected in C:\$Recycle.Bin\S-1-5-21-3154608364-3204067205-1785823524-1000\$RD61KWN\BepInEx-master\Runtimes\Unity\BepInEx.Unity.IL2CPP\Hook\Funchook\FunchookLib.cs
2026-03-09 05:47:01 | WARNING | File moved to quarantine: C:\Users\WG\Downloads\NovaShield\quarantine\storage\20260309084701_a1192c8f849c4c72994ed2d8188168a3_FunchookLib.cs.quarantine
2026-03-09 05:47:01 | WARNING | File quarantined: 20260309084701_a1192c8f849c4c72994ed2d8188168a3_FunchookLib.cs.quarantine
2026-03-09 05:47:08 | WARNING | Threat detected in C:\$Recycle.Bin\S-1-5-21-3154608364-3204067205-1785823524-1000\$RHLI2UK.5\GTAG-NOVR-v2.5\GorrilaTagFanmadeMap\RE-UE4SS-main\RE-UE4SS-main\cppmods\EventViewerMod\README.md
2026-03-09 05:47:08 | WARNING | File moved to quarantine: C:\Users\WG\Downloads\NovaShield\quarantine\storage\20260309084708_fca4aa83523f4b5baa73e4fa07810c89_README.md.quarantine
2026-03-09 05:47:08 | WARNING | File quarantined: 20260309084708_fca4aa83523f4b5baa73e4fa07810c89_README.md.quarantine
2026-03-09 05:47:08 | WARNING | Threat detected in C:\$Recycle.Bin\S-1-5-21-3154608364-3204067205-1785823524-1000\$RHLI2UK.5\GTAG-NOVR-v2.5\GorrilaTagFanmadeMap\RE-UE4SS-main\RE-UE4SS-main\cppmods\EventViewerMod\src\Structs.cpp
2026-03-09 05:47:08 | WARNING | File moved to quarantine: C:\Users\WG\Downloads\NovaShield\quarantine\storage\20260309084708_985b22cb71554a1284e70ac6982770e3_Structs.cpp.quarantine
2026-03-09 05:47:08 | WARNING | File quarantined: 20260309084708_985b22cb71554a1284e70ac6982770e3_Structs.cpp.quarantine
2026-03-09 05:47:09 | WARNING | Threat detected in C:\$Recycle.Bin\S-1-5-21-3154608364-3204067205-1785823524-1000\$RHLI2UK.5\GTAG-NOVR-v2.5\GorrilaTagFanmadeMap\RE-UE4SS-main\RE-UE4SS-main\deps\first\Input\src\Platform\Win32AsyncInputSource.cpp
2026-03-09 05:47:09 | WARNING | File moved to quarantine: C:\Users\WG\Downloads\NovaShield\quarantine\storage\20260309084709_c939f158f837416b972c36f70fb857f0_Win32AsyncInputSource.cpp.quarantine
2026-03-09 05:47:09 | WARNING | File quarantined: 20260309084709_c939f158f837416b972c36f70fb857f0_Win32AsyncInputSource.cpp.quarantine
2026-03-09 05:47:11 | WARNING | Threat detected in C:\$Recycle.Bin\S-1-5-21-3154608364-3204067205-1785823524-1000\$RHLI2UK.5\GTAG-NOVR-v2.5\GorrilaTagFanmadeMap\RE-UE4SS-main\RE-UE4SS-main\docs\feature-overview\blueprint-modloader.md
2026-03-09 05:47:11 | WARNING | File moved to quarantine: C:\Users\WG\Downloads\NovaShield\quarantine\storage\20260309084711_ae29445cc0274d45ae23608b971b1ef1_blueprint-modloader.md.quarantine
2026-03-09 05:47:11 | WARNING | File quarantined: 20260309084711_ae29445cc0274d45ae23608b971b1ef1_blueprint-modloader.md.quarantine
2026-03-09 05:47:12 | WARNING | Threat detected in C:\$Recycle.Bin\S-1-5-21-3154608364-3204067205-1785823524-1000\$RHLI2UK.5\GTAG-NOVR-v2.5\GorrilaTagFanmadeMap\RE-UE4SS-main\RE-UE4SS-main\docs\lua-api\global-functions\registerbeginplayposthook.md
2026-03-09 05:47:12 | WARNING | File moved to quarantine: C:\Users\WG\Downloads\NovaShield\quarantine\storage\20260309084712_5a7d3b30281e48849d9ffbfcece3348c_registerbeginplayposthook.md.quarantine
2026-03-09 05:47:12 | WARNING | File quarantined: 20260309084712_5a7d3b30281e48849d9ffbfcece3348c_registerbeginplayposthook.md.quarantine
2026-03-09 05:47:12 | WARNING | Threat detected in C:\$Recycle.Bin\S-1-5-21-3154608364-3204067205-1785823524-1000\$RHLI2UK.5\GTAG-NOVR-v2.5\GorrilaTagFanmadeMap\RE-UE4SS-main\RE-UE4SS-main\docs\lua-api\global-functions\registerbeginplayprehook.md
2026-03-09 05:47:12 | WARNING | File moved to quarantine: C:\Users\WG\Downloads\NovaShield\quarantine\storage\20260309084712_7d35a5c4daf647e58eb9606f42cd169c_registerbeginplayprehook.md.quarantine
2026-03-09 05:47:12 | WARNING | File quarantined: 20260309084712_7d35a5c4daf647e58eb9606f42cd169c_registerbeginplayprehook.md.quarantine
2026-03-09 05:47:12 | WARNING | Threat detected in C:\$Recycle.Bin\S-1-5-21-3154608364-3204067205-1785823524-1000\$RHLI2UK.5\GTAG-NOVR-v2.5\GorrilaTagFanmadeMap\RE-UE4SS-main\RE-UE4SS-main\docs\lua-api\global-functions\registercallfunctionbynamewithargumentsposthook.md
2026-03-09 05:47:12 | WARNING | File moved to quarantine: C:\Users\WG\Downloads\NovaShield\quarantine\storage\20260309084712_891ff0f831014168bdc1c0dc65c1b10c_registercallfunctionbynamewithargumentsposthook.md.quarantine
2026-03-09 05:47:12 | WARNING | File quarantined: 20260309084712_891ff0f831014168bdc1c0dc65c1b10c_registercallfunctionbynamewithargumentsposthook.md.quarantine
2026-03-09 05:47:12 | WARNING | Threat detected in C:\$Recycle.Bin\S-1-5-21-3154608364-3204067205-1785823524-1000\$RHLI2UK.5\GTAG-NOVR-v2.5\GorrilaTagFanmadeMap\RE-UE4SS-main\RE-UE4SS-main\docs\lua-api\global-functions\registercallfunctionbynamewithargumentsprehook.md
2026-03-09 05:47:12 | WARNING | File moved to quarantine: C:\Users\WG\Downloads\NovaShield\quarantine\storage\20260309084712_4be5d067c5024580a3aad976f5f661fb_registercallfunctionbynamewithargumentsprehook.md.quarantine
2026-03-09 05:47:12 | WARNING | File quarantined: 20260309084712_4be5d067c5024580a3aad976f5f661fb_registercallfunctionbynamewithargumentsprehook.md.quarantine
2026-03-09 05:47:12 | WARNING | Threat detected in C:\$Recycle.Bin\S-1-5-21-3154608364-3204067205-1785823524-1000\$RHLI2UK.5\GTAG-NOVR-v2.5\GorrilaTagFanmadeMap\RE-UE4SS-main\RE-UE4SS-main\docs\lua-api\global-functions\registerhook.md
2026-03-09 05:47:12 | WARNING | File moved to quarantine: C:\Users\WG\Downloads\NovaShield\quarantine\storage\20260309084712_8498703fd58e4311b7d45d8c8c2b9c66_registerhook.md.quarantine
2026-03-09 05:47:12 | WARNING | File quarantined: 20260309084712_8498703fd58e4311b7d45d8c8c2b9c66_registerhook.md.quarantine
2026-03-09 05:47:12 | WARNING | Threat detected in C:\$Recycle.Bin\S-1-5-21-3154608364-3204067205-1785823524-1000\$RHLI2UK.5\GTAG-NOVR-v2.5\GorrilaTagFanmadeMap\RE-UE4SS-main\RE-UE4SS-main\docs\lua-api\global-functions\registerinitgamestateposthook.md
2026-03-09 05:47:12 | WARNING | File moved to quarantine: C:\Users\WG\Downloads\NovaShield\quarantine\storage\20260309084712_5caa3b94acc345f9a911ca8220865ce6_registerinitgamestateposthook.md.quarantine
2026-03-09 05:47:12 | WARNING | File quarantined: 20260309084712_5caa3b94acc345f9a911ca8220865ce6_registerinitgamestateposthook.md.quarantine
2026-03-09 05:47:12 | WARNING | Threat detected in C:\$Recycle.Bin\S-1-5-21-3154608364-3204067205-1785823524-1000\$RHLI2UK.5\GTAG-NOVR-v2.5\GorrilaTagFanmadeMap\RE-UE4SS-main\RE-UE4SS-main\docs\lua-api\global-functions\registerinitgamestateprehook.md
2026-03-09 05:47:12 | WARNING | File moved to quarantine: C:\Users\WG\Downloads\NovaShield\quarantine\storage\20260309084712_4010513556dd42688ed0f434a34900f1_registerinitgamestateprehook.md.quarantine
2026-03-09 05:47:12 | WARNING | File quarantined: 20260309084712_4010513556dd42688ed0f434a34900f1_registerinitgamestateprehook.md.quarantine
2026-03-09 05:47:12 | WARNING | Threat detected in C:\$Recycle.Bin\S-1-5-21-3154608364-3204067205-1785823524-1000\$RHLI2UK.5\GTAG-NOVR-v2.5\GorrilaTagFanmadeMap\RE-UE4SS-main\RE-UE4SS-main\docs\lua-api\global-functions\registerprocessconsoleexecposthook.md
2026-03-09 05:47:12 | WARNING | File moved to quarantine: C:\Users\WG\Downloads\NovaShield\quarantine\storage\20260309084712_92a68cba82924d2e8bda460e6042c474_registerprocessconsoleexecposthook.md.quarantine
2026-03-09 05:47:12 | WARNING | File quarantined: 20260309084712_92a68cba82924d2e8bda460e6042c474_registerprocessconsoleexecposthook.md.quarantine
2026-03-09 05:47:12 | WARNING | Threat detected in C:\$Recycle.Bin\S-1-5-21-3154608364-3204067205-1785823524-1000\$RHLI2UK.5\GTAG-NOVR-v2.5\GorrilaTagFanmadeMap\RE-UE4SS-main\RE-UE4SS-main\docs\lua-api\global-functions\registerprocessconsoleexecprehook.md
2026-03-09 05:47:12 | WARNING | File moved to quarantine: C:\Users\WG\Downloads\NovaShield\quarantine\storage\20260309084712_2057e6c8d12d4c28882bf723add2d1e5_registerprocessconsoleexecprehook.md.quarantine
2026-03-09 05:47:12 | WARNING | File quarantined: 20260309084712_2057e6c8d12d4c28882bf723add2d1e5_registerprocessconsoleexecprehook.md.quarantine
2026-03-09 05:47:12 | WARNING | Threat detected in C:\$Recycle.Bin\S-1-5-21-3154608364-3204067205-1785823524-1000\$RHLI2UK.5\GTAG-NOVR-v2.5\GorrilaTagFanmadeMap\RE-UE4SS-main\RE-UE4SS-main\docs\lua-api\global-functions\registerulocalplayerexecposthook.md
2026-03-09 05:47:12 | WARNING | File moved to quarantine: C:\Users\WG\Downloads\NovaShield\quarantine\storage\20260309084712_e136a40112744d2282005aec58bcd3ed_registerulocalplayerexecposthook.md.quarantine
2026-03-09 05:47:12 | WARNING | File quarantined: 20260309084712_e136a40112744d2282005aec58bcd3ed_registerulocalplayerexecposthook.md.quarantine
2026-03-09 05:47:12 | WARNING | Threat detected in C:\$Recycle.Bin\S-1-5-21-3154608364-3204067205-1785823524-1000\$RHLI2UK.5\GTAG-NOVR-v2.5\GorrilaTagFanmadeMap\RE-UE4SS-main\RE-UE4SS-main\docs\lua-api\global-functions\registerulocalplayerexecprehook.md
2026-03-09 05:47:12 | WARNING | File moved to quarantine: C:\Users\WG\Downloads\NovaShield\quarantine\storage\20260309084712_5206ab73af8a40688a086ce9029195f7_registerulocalplayerexecprehook.md.quarantine
2026-03-09 05:47:12 | WARNING | File quarantined: 20260309084712_5206ab73af8a40688a086ce9029195f7_registerulocalplayerexecprehook.md.quarantine
2026-03-09 05:47:12 | WARNING | Threat detected in C:\$Recycle.Bin\S-1-5-21-3154608364-3204067205-1785823524-1000\$RHLI2UK.5\GTAG-NOVR-v2.5\GorrilaTagFanmadeMap\RE-UE4SS-main\RE-UE4SS-main\docs\lua-api\global-functions\unregisterhook.md
2026-03-09 05:47:12 | WARNING | File moved to quarantine: C:\Users\WG\Downloads\NovaShield\quarantine\storage\20260309084712_7493a8f8ab644ef896fc323dee80bcef_unregisterhook.md.quarantine
2026-03-09 05:47:12 | WARNING | File quarantined: 20260309084712_7493a8f8ab644ef896fc323dee80bcef_unregisterhook.md.quarantine
2026-03-09 05:47:12 | WARNING | Threat detected in C:\$Recycle.Bin\S-1-5-21-3154608364-3204067205-1785823524-1000\$RHLI2UK.5\GTAG-NOVR-v2.5\GorrilaTagFanmadeMap\RE-UE4SS-main\RE-UE4SS-main\tools\buildscripts\build.ps1
2026-03-09 05:47:12 | WARNING | File moved to quarantine: C:\Users\WG\Downloads\NovaShield\quarantine\storage\20260309084712_d9d3d79e3e5f401189229bfcec905bad_build.ps1.quarantine
2026-03-09 05:47:12 | WARNING | File quarantined: 20260309084712_d9d3d79e3e5f401189229bfcec905bad_build.ps1.quarantine
2026-03-09 05:47:12 | WARNING | Threat detected in C:\$Recycle.Bin\S-1-5-21-3154608364-3204067205-1785823524-1000\$RHLI2UK.5\GTAG-NOVR-v2.5\GorrilaTagFanmadeMap\RE-UE4SS-main\RE-UE4SS-main\tools\buildscripts\internal_build_tools\set_version.bat
2026-03-09 05:47:12 | WARNING | File moved to quarantine: C:\Users\WG\Downloads\NovaShield\quarantine\storage\20260309084712_a73a4bb012904722b6368c5240726d8d_set_version.bat.quarantine
2026-03-09 05:47:12 | WARNING | File quarantined: 20260309084712_a73a4bb012904722b6368c5240726d8d_set_version.bat.quarantine
2026-03-09 05:47:22 | WARNING | Threat detected in C:\Arquivos de Programas RFB\IRPF2023\exec.bat
2026-03-09 05:47:22 | WARNING | File moved to quarantine: C:\Users\WG\Downloads\NovaShield\quarantine\storage\20260309084722_fb0f69b4e1674f34ac3f556e583e00b8_exec.bat.quarantine
2026-03-09 05:47:22 | WARNING | File quarantined: 20260309084722_fb0f69b4e1674f34ac3f556e583e00b8_exec.bat.quarantine
2026-03-09 05:47:28 | WARNING | Threat detected in C:\Arquivos de Programas RFB\IRPF2024\exec.bat
2026-03-09 05:47:28 | WARNING | File moved to quarantine: C:\Users\WG\Downloads\NovaShield\quarantine\storage\20260309084728_83a02dea4f064b1da45665ebdd392dfc_exec.bat.quarantine
2026-03-09 05:47:28 | WARNING | File quarantined: 20260309084728_83a02dea4f064b1da45665ebdd392dfc_exec.bat.quarantine
2026-03-09 05:47:34 | WARNING | Threat detected in C:\Arquivos de Programas RFB\IRPF2025\exec.bat
2026-03-09 05:47:34 | WARNING | File moved to quarantine: C:\Users\WG\Downloads\NovaShield\quarantine\storage\20260309084734_818260d6f1bc4ff381a44acd6675dccb_exec.bat.quarantine
2026-03-09 05:47:34 | WARNING | File quarantined: 20260309084734_818260d6f1bc4ff381a44acd6675dccb_exec.bat.quarantine
2026-03-09 05:47:50 | WARNING | Threat detected in C:\Program Files\Adobe\Adobe Creative Cloud\ACC\Creative Cloud CustomHook.exe
2026-03-09 05:47:50 | WARNING | File moved to quarantine: C:\Users\WG\Downloads\NovaShield\quarantine\storage\20260309084750_27abd0819e804058b75c5a09fd95c983_Creative Cloud CustomHook.exe.quarantine
2026-03-09 05:47:50 | WARNING | File quarantined: 20260309084750_27abd0819e804058b75c5a09fd95c983_Creative Cloud CustomHook.exe.quarantine
2026-03-09 05:48:33 | WARNING | Threat detected in C:\Program Files\Adobe\Adobe Creative Cloud\Components\Plugins\resources\translations\ja_JP.json
2026-03-09 05:48:33 | WARNING | File moved to quarantine: C:\Users\WG\Downloads\NovaShield\quarantine\storage\20260309084833_712df943c3a04dc380deae5dfc000234_ja_JP.json.quarantine
2026-03-09 05:48:33 | WARNING | File quarantined: 20260309084833_712df943c3a04dc380deae5dfc000234_ja_JP.json.quarantine
2026-03-09 05:48:33 | WARNING | Threat detected in C:\Program Files\Adobe\Adobe Creative Cloud\Components\Plugins\resources\translations\ko_KR.json
2026-03-09 05:48:33 | WARNING | File moved to quarantine: C:\Users\WG\Downloads\NovaShield\quarantine\storage\20260309084833_55066fcc324441c4a3480385e5ccaa29_ko_KR.json.quarantine
2026-03-09 05:48:33 | WARNING | File quarantined: 20260309084833_55066fcc324441c4a3480385e5ccaa29_ko_KR.json.quarantine
2026-03-09 05:48:34 | WARNING | Threat detected in C:\Program Files\Adobe\Adobe Creative Cloud\Components\Plugins\resources\translations\zh_CN.json
2026-03-09 05:48:34 | WARNING | File moved to quarantine: C:\Users\WG\Downloads\NovaShield\quarantine\storage\20260309084834_432dfc4651834a7880764aa2221485a4_zh_CN.json.quarantine
2026-03-09 05:48:34 | WARNING | File quarantined: 20260309084834_432dfc4651834a7880764aa2221485a4_zh_CN.json.quarantine
2026-03-09 05:48:34 | WARNING | Threat detected in C:\Program Files\Adobe\Adobe Creative Cloud\Components\Plugins\resources\translations\zh_TW.json
2026-03-09 05:48:34 | WARNING | File moved to quarantine: C:\Users\WG\Downloads\NovaShield\quarantine\storage\20260309084834_5f8caf22bd904a9d82c130d60a6893c4_zh_TW.json.quarantine
2026-03-09 05:48:34 | WARNING | File quarantined: 20260309084834_5f8caf22bd904a9d82c130d60a6893c4_zh_TW.json.quarantine
2026-03-09 05:48:36 | WARNING | Threat detected in C:\Program Files\Adobe\Adobe Creative Cloud Experience\js\customhook.js
2026-03-09 05:48:36 | WARNING | File moved to quarantine: C:\Users\WG\Downloads\NovaShield\quarantine\storage\20260309084836_ff6cd09df9c645a59c8a24a111167e4a_customhook.js.quarantine
2026-03-09 05:48:36 | WARNING | File quarantined: 20260309084836_ff6cd09df9c645a59c8a24a111167e4a_customhook.js.quarantine
